<?xml version="1.0" encoding="UTF-8"?>
<testng-results ignored="0" total="1" passed="1" failed="0" skipped="0">
  <reporter-output>
  </reporter-output>
  <suite started-at="2022-09-10T14:43:59 IST" name="Default suite" finished-at="2022-09-10T14:44:01 IST" duration-ms="1386">
    <groups>
      <group name="cucumber">
        <method signature="AbstractTestNGCucumberTests.runScenario(io.cucumber.testng.PickleWrapper,io.cucumber.testng.FeatureWrapper)[pri:0, instance:Runners.Runner@27406a17]" name="runScenario" class="io.cucumber.testng.AbstractTestNGCucumberTests"/>
      </group> <!-- cucumber -->
    </groups>
    <test started-at="2022-09-10T14:43:59 IST" name="Default test" finished-at="2022-09-10T14:44:01 IST" duration-ms="1386">
      <class name="Runners.Runner">
        <test-method is-config="true" signature="setUpClass(org.testng.ITestContext)[pri:0, instance:Runners.Runner@27406a17]" started-at="2022-09-10T14:43:59 IST" name="setUpClass" finished-at="2022-09-10T14:44:00 IST" duration-ms="986" status="PASS">
          <params>
            <param index="0">
              <value>
                <![CDATA[org.testng.TestRunner@ba1f559]]>
              </value>
            </param>
          </params>
          <reporter-output>
          </reporter-output>
        </test-method> <!-- setUpClass -->
        <test-method signature="runScenario(io.cucumber.testng.PickleWrapper,io.cucumber.testng.FeatureWrapper)[pri:0, instance:Runners.Runner@27406a17]" started-at="2022-09-10T14:44:00 IST" name="runScenario" description="Runs Cucumber Scenarios" data-provider="scenarios" finished-at="2022-09-10T14:44:00 IST" duration-ms="198" status="PASS">
          <params>
            <param index="0">
              <value>
                <![CDATA["User can login to application using valid credentials"]]>
              </value>
            </param>
            <param index="1">
              <value>
                <![CDATA["Login module"]]>
              </value>
            </param>
          </params>
          <reporter-output>
          </reporter-output>
        </test-method> <!-- runScenario -->
        <test-method is-config="true" signature="tearDownClass()[pri:0, instance:Runners.Runner@27406a17]" started-at="2022-09-10T14:44:01 IST" name="tearDownClass" finished-at="2022-09-10T14:44:01 IST" duration-ms="139" status="PASS">
          <reporter-output>
          </reporter-output>
        </test-method> <!-- tearDownClass -->
      </class> <!-- Runners.Runner -->
    </test> <!-- Default test -->
  </suite> <!-- Default suite -->
</testng-results>
